
Showing logs for build [32mcb-kubecd-bdd-gh-1568238194-pr-1[0m stage [32mmeta-pipeline[0m and container [32mstep-credential-initializer-vzw5l[0m
{"level":"warn","ts":1568238666.9964418,"logger":"fallback-logger","caller":"logging/config.go:69","msg":"Fetch GitHub commit ID from kodata failed: \"ref: refs/heads/master\" is not a valid GitHub commit ID"}
{"level":"info","ts":1568238666.9971998,"logger":"fallback-logger","caller":"creds-init/main.go:40","msg":"Credentials initialized."}

Showing logs for build [32mcb-kubecd-bdd-gh-1568238194-pr-1[0m stage [32mmeta-pipeline[0m and container [32mstep-working-dir-initializer-52pmv[0m
{"level":"warn","ts":1568238668.273156,"logger":"fallback-logger","caller":"logging/config.go:69","msg":"Fetch GitHub commit ID from kodata failed: open /var/run/ko/HEAD: no such file or directory"}
{"level":"info","ts":1568238668.315188,"logger":"fallback-logger","caller":"bash/main.go:65","msg":"Successfully executed command \"mkdir -p /workspace/source\""}

Showing logs for build [32mcb-kubecd-bdd-gh-1568238194-pr-1[0m stage [32mmeta-pipeline[0m and container [32mstep-place-tools[0m

Showing logs for build [32mcb-kubecd-bdd-gh-1568238194-pr-1[0m stage [32mmeta-pipeline[0m and container [32mstep-git-source-meta-cb-kubecd-bdd-gh-156823819-p6lxs[0m
{"level":"warn","ts":1568238673.9101286,"logger":"fallback-logger","caller":"logging/config.go:69","msg":"Fetch GitHub commit ID from kodata failed: \"ref: refs/heads/master\" is not a valid GitHub commit ID"}
{"level":"info","ts":1568238674.9942913,"logger":"fallback-logger","caller":"git/git.go:102","msg":"Successfully cloned https://github.com/cb-kubecd/bdd-gh-1568238194.git @ fccc1d5b0068d8ac80c65fbc815978f464f700ca in path /workspace/source"}

Showing logs for build [32mcb-kubecd-bdd-gh-1568238194-pr-1[0m stage [32mmeta-pipeline[0m and container [32mstep-git-merge[0m
Using SHAs from PULL_REFS=master:fccc1d5b0068d8ac80c65fbc815978f464f700ca,1:ee225426c29d55ce52ddb8ed20ddcb5bea062a6e
DEBUG: ran git fetch --unshallow origin ee225426c29d55ce52ddb8ed20ddcb5bea062a6e: fccc1d5b0068d8ac80c65fbc815978f464f700ca: in 
DEBUG: ran git checkout master in 
DEBUG: ran git reset --hard fccc1d5b0068d8ac80c65fbc815978f464f700ca in 
DEBUG: ran clean --force -d . in 
DEBUG: ran git merge ee225426c29d55ce52ddb8ed20ddcb5bea062a6e in 
Merged SHA ee225426c29d55ce52ddb8ed20ddcb5bea062a6e with commit message 'My first PR commit' into base branch master

Showing logs for build [32mcb-kubecd-bdd-gh-1568238194-pr-1[0m stage [32mmeta-pipeline[0m and container [32mstep-merge-pull-refs[0m
DEBUG: ran git fetch origin ee225426c29d55ce52ddb8ed20ddcb5bea062a6e: fccc1d5b0068d8ac80c65fbc815978f464f700ca: in 
DEBUG: Unshallowed git repo in 
DEBUG: ran git checkout master in 
DEBUG: ran git reset --hard fccc1d5b0068d8ac80c65fbc815978f464f700ca in 
DEBUG: ran clean --force -d . in 
DEBUG: ran git merge ee225426c29d55ce52ddb8ed20ddcb5bea062a6e in 
Merged SHA ee225426c29d55ce52ddb8ed20ddcb5bea062a6e with commit message 'My first PR commit' into base branch master

Showing logs for build [32mcb-kubecd-bdd-gh-1568238194-pr-1[0m stage [32mmeta-pipeline[0m and container [32mstep-create-effective-pipeline[0m
Deleting and cloning the Jenkins X versions repo
Cloning the Jenkins X versions repo https://github.com/jenkins-x/jenkins-x-versions.git with ref refs/heads/master to /builder/home/.**/jenkins-x-versions
Effective pipeline written to jenkins-x-serverless-jenkins-effective.yml

Showing logs for build [32mcb-kubecd-bdd-gh-1568238194-pr-1[0m stage [32mmeta-pipeline[0m and container [32mstep-create-tekton-crds[0m
PipelineActivity for cb-kubecd-bdd-gh-1568238194-PR-1-1
Applying changes 
upserted PipelineResource cb-kubecd-bdd-gh-1568238194-pr for the git repository https://github.com/cb-kubecd/bdd-gh-1568238194.git
upserted Task cb-kubecd-bdd-gh-1568238194-pr-from-build-pack-1
upserted Pipeline cb-kubecd-bdd-gh-1568238194-pr-1
created PipelineRun cb-kubecd-bdd-gh-1568238194-pr-1
created PipelineStructure cb-kubecd-bdd-gh-1568238194-pr-1

Showing logs for build [32mcb-kubecd-bdd-gh-1568238194-pr-1[0m stage [32mfrom-build-pack[0m and container [32mstep-credential-initializer-mxcfc[0m
{"level":"warn","ts":1568238687.314943,"logger":"fallback-logger","caller":"logging/config.go:69","msg":"Fetch GitHub commit ID from kodata failed: \"ref: refs/heads/master\" is not a valid GitHub commit ID"}
{"level":"info","ts":1568238687.3156202,"logger":"fallback-logger","caller":"creds-init/main.go:40","msg":"Credentials initialized."}

Showing logs for build [32mcb-kubecd-bdd-gh-1568238194-pr-1[0m stage [32mfrom-build-pack[0m and container [32mstep-working-dir-initializer-jr6td[0m
{"level":"warn","ts":1568238688.5842328,"logger":"fallback-logger","caller":"logging/config.go:69","msg":"Fetch GitHub commit ID from kodata failed: open /var/run/ko/HEAD: no such file or directory"}
{"level":"info","ts":1568238688.587634,"logger":"fallback-logger","caller":"bash/main.go:65","msg":"Successfully executed command \"mkdir -p /workspace/source /workspace/source/charts/preview\""}

Showing logs for build [32mcb-kubecd-bdd-gh-1568238194-pr-1[0m stage [32mfrom-build-pack[0m and container [32mstep-place-tools[0m

Showing logs for build [32mcb-kubecd-bdd-gh-1568238194-pr-1[0m stage [32mfrom-build-pack[0m and container [32mstep-git-source-cb-kubecd-bdd-gh-1568238194-pr-dkrfk[0m
{"level":"warn","ts":1568238756.718839,"logger":"fallback-logger","caller":"logging/config.go:69","msg":"Fetch GitHub commit ID from kodata failed: \"ref: refs/heads/master\" is not a valid GitHub commit ID"}
{"level":"info","ts":1568238757.8585007,"logger":"fallback-logger","caller":"git/git.go:102","msg":"Successfully cloned https://github.com/cb-kubecd/bdd-gh-1568238194.git @ master in path /workspace/source"}

Showing logs for build [32mcb-kubecd-bdd-gh-1568238194-pr-1[0m stage [32mfrom-build-pack[0m and container [32mstep-git-merge[0m
Using SHAs from PULL_REFS=master:fccc1d5b0068d8ac80c65fbc815978f464f700ca,1:ee225426c29d55ce52ddb8ed20ddcb5bea062a6e
DEBUG: ran git fetch --unshallow origin ee225426c29d55ce52ddb8ed20ddcb5bea062a6e: fccc1d5b0068d8ac80c65fbc815978f464f700ca: in 
DEBUG: ran git checkout master in 
DEBUG: ran git reset --hard fccc1d5b0068d8ac80c65fbc815978f464f700ca in 
DEBUG: ran clean --force -d . in 
DEBUG: ran git merge ee225426c29d55ce52ddb8ed20ddcb5bea062a6e in 
Merged SHA ee225426c29d55ce52ddb8ed20ddcb5bea062a6e with commit message 'My first PR commit' into base branch master

Showing logs for build [32mcb-kubecd-bdd-gh-1568238194-pr-1[0m stage [32mfrom-build-pack[0m and container [32mstep-build-make-linux[0m
CGO_ENABLED=0 GOOS=linux GOARCH=amd64 GO15VENDOREXPERIMENT=1 go build -ldflags '' -o bin/bdd-gh-1568238194 main.go

Showing logs for build [32mcb-kubecd-bdd-gh-1568238194-pr-1[0m stage [32mfrom-build-pack[0m and container [32mstep-build-container-build[0m
[36mINFO[0m[0000] No base image, nothing to extract            
[36mINFO[0m[0000] cmd: EXPOSE                                  
[36mINFO[0m[0000] Adding exposed port: 8080/tcp                
[36mINFO[0m[0000] Using files from context: [/workspace/source/bin] 
[36mINFO[0m[0000] Skipping unpacking as no commands require it. 
[36mINFO[0m[0000] Taking snapshot of full filesystem...        
[36mINFO[0m[0000] EXPOSE 8080                                  
[36mINFO[0m[0000] cmd: EXPOSE                                  
[36mINFO[0m[0000] Adding exposed port: 8080/tcp                
[36mINFO[0m[0000] No files changed in this command, skipping snapshotting. 
[36mINFO[0m[0000] ENTRYPOINT ["/bdd-gh-1568238194"]            
[36mINFO[0m[0000] No files changed in this command, skipping snapshotting. 
[36mINFO[0m[0000] Using files from context: [/workspace/source/bin] 
[36mINFO[0m[0000] COPY ./bin/ /                                
[36mINFO[0m[0000] Taking snapshot of files...                  
2019/09/11 21:52:50 pushed blob: sha256:249d794e5926f2372547323a7e0a4c06f199078b291794da3cb38b230080f227
2019/09/11 21:52:51 pushed blob: sha256:8f19afb20d1c6cb3553fa466197dfb258da47c0da872b0421b9744861eeb0bd7
2019/09/11 21:52:53 gcr.io/jenkins-x-bdd3/bdd-gh-1568238194:0.0.0-SNAPSHOT-PR-1-1: digest: sha256:468c809ec7730dc491d49fbf3e31a748942b3a7a368e422f8060769439c3aff7 size: 428

Showing logs for build [32mcb-kubecd-bdd-gh-1568238194-pr-1[0m stage [32mfrom-build-pack[0m and container [32mstep-postbuild-post-build[0m
no CVE provider running in the current ** namespace so skip adding image to be analysed

Showing logs for build [32mcb-kubecd-bdd-gh-1568238194-pr-1[0m stage [32mfrom-build-pack[0m and container [32mstep-promote-make-preview[0m
sed -i -e "s/version:.*/version: 0.0.0-SNAPSHOT-PR-1-1/" Chart.yaml
sed -i -e "s/version:.*/version: 0.0.0-SNAPSHOT-PR-1-1/" ../*/Chart.yaml
sed -i -e "s|repository:.*|repository: gcr.io\/jenkins-x-bdd3\/bdd-gh-1568238194|" values.yaml
sed -i -e "s/tag:.*/tag: 0.0.0-SNAPSHOT-PR-1-1/" values.yaml
echo "  version: 0.0.0-SNAPSHOT-PR-1-1" >> requirements.yaml
** step helm build
WARNING: No $CHART_REPOSITORY defined so using the default value of: http://jenkins-x-chartmuseum:8080
Adding missing Helm repo: storage.googleapis.com https://storage.googleapis.com/chartmuseum.jenkins-x.io
Successfully added Helm repository storage.googleapis.com.
Adding missing Helm repo: jenkins-x-chartmuseum http://jenkins-x-chartmuseum:8080
Successfully added Helm repository jenkins-x-chartmuseum.
WARNING: No $CHART_REPOSITORY defined so using the default value of: http://jenkins-x-chartmuseum:8080
Adding missing Helm repo: chartmuseum.jenkins-x.io http://chartmuseum.jenkins-x.io
Successfully added Helm repository chartmuseum.jenkins-x.io.

Showing logs for build [32mcb-kubecd-bdd-gh-1568238194-pr-1[0m stage [32mfrom-build-pack[0m and container [32mstep-promote-jx-preview[0m
Creating a preview
WARNING: No author for commit: ee225426c29d55ce52ddb8ed20ddcb5bea062a6e
Created environment cb-kubecd-bdd-gh-1568238194-pr-1
Namespace **-cb-kubecd-bdd-gh-1568238194-pr-1 created 
expose:
  Annotations:
    helm.sh/hook: post-install,post-upgrade
    helm.sh/hook-delete-policy: hook-succeeded
  config:
    domain: 35.240.21.178.nip.io
    exposer: Ingress
    http: "true"
preview:
  image:
    repository: gcr.io/jenkins-x-bdd3/bdd-gh-1568238194
    tag: 0.0.0-SNAPSHOT-PR-1-1
Deleting and cloning the Jenkins X versions repo
Cloning the Jenkins X versions repo https://github.com/jenkins-x/jenkins-x-versions.git with ref refs/heads/master to /builder/home/.**/jenkins-x-versions


Updating PipelineActivities cb-kubecd-bdd-gh-1568238194-pr-1-1 which has status Running
Preview application is now available at: http://bdd-gh-1568238194.**-cb-kubecd-bdd-gh-1568238194-pr-1.35.240.21.178.nip.io
